<?xml version="1.0" encoding="UTF-8"?>
<testng-results skipped="0" failed="1" ignored="0" total="7" passed="6">
  <reporter-output>
  </reporter-output>
  <suite name="bugzilla" duration-ms="91018" started-at="2019-08-19T09:21:10Z" finished-at="2019-08-19T09:22:41Z">
    <groups>
    </groups>
    <test name="bugzilla Test" duration-ms="91018" started-at="2019-08-19T09:21:10Z" finished-at="2019-08-19T09:22:41Z">
      <class name="com.bugzilla.testCases.TC_LoginDDT_002">
        <test-method status="PASS" signature="setup(java.lang.String)[pri:0, instance:com.bugzilla.testCases.TC_LoginDDT_002@6442b0a6]" name="setup" is-config="true" duration-ms="3960" started-at="2019-08-19T09:21:32Z" finished-at="2019-08-19T09:21:36Z">
          <params>
            <param index="0">
              <value>
                <![CDATA[chrome]]>
              </value>
            </param>
          </params>
          <reporter-output>
          </reporter-output>
        </test-method> <!-- setup -->
        <test-method status="PASS" signature="loginDDT(java.lang.String, java.lang.String)[pri:0, instance:com.bugzilla.testCases.TC_LoginDDT_002@6442b0a6]" name="loginDDT" duration-ms="6114" started-at="2019-08-19T09:21:38Z" data-provider="LoginData" finished-at="2019-08-19T09:21:45Z">
          <params>
            <param index="0">
              <value>
                <![CDATA[sudarshandn@gmail.com]]>
              </value>
            </param>
            <param index="1">
              <value>
                <![CDATA[naidud]]>
              </value>
            </param>
          </params>
          <reporter-output>
          </reporter-output>
        </test-method> <!-- loginDDT -->
        <test-method status="PASS" signature="loginDDT(java.lang.String, java.lang.String)[pri:0, instance:com.bugzilla.testCases.TC_LoginDDT_002@6442b0a6]" name="loginDDT" duration-ms="5842" started-at="2019-08-19T09:21:45Z" data-provider="LoginData" finished-at="2019-08-19T09:21:50Z">
          <params>
            <param index="0">
              <value>
                <![CDATA[sudarshandn@gmail.com]]>
              </value>
            </param>
            <param index="1">
              <value>
                <![CDATA[naidud]]>
              </value>
            </param>
          </params>
          <reporter-output>
          </reporter-output>
        </test-method> <!-- loginDDT -->
        <test-method status="PASS" signature="loginDDT(java.lang.String, java.lang.String)[pri:0, instance:com.bugzilla.testCases.TC_LoginDDT_002@6442b0a6]" name="loginDDT" duration-ms="5758" started-at="2019-08-19T09:21:50Z" data-provider="LoginData" finished-at="2019-08-19T09:21:56Z">
          <params>
            <param index="0">
              <value>
                <![CDATA[sudarshandn@gmail.com]]>
              </value>
            </param>
            <param index="1">
              <value>
                <![CDATA[naidud]]>
              </value>
            </param>
          </params>
          <reporter-output>
          </reporter-output>
        </test-method> <!-- loginDDT -->
        <test-method status="PASS" signature="loginDDT(java.lang.String, java.lang.String)[pri:0, instance:com.bugzilla.testCases.TC_LoginDDT_002@6442b0a6]" name="loginDDT" duration-ms="5938" started-at="2019-08-19T09:21:56Z" data-provider="LoginData" finished-at="2019-08-19T09:22:02Z">
          <params>
            <param index="0">
              <value>
                <![CDATA[sudarshandn@gmail.com]]>
              </value>
            </param>
            <param index="1">
              <value>
                <![CDATA[naidud]]>
              </value>
            </param>
          </params>
          <reporter-output>
          </reporter-output>
        </test-method> <!-- loginDDT -->
        <test-method status="FAIL" signature="loginDDT(java.lang.String, java.lang.String)[pri:0, instance:com.bugzilla.testCases.TC_LoginDDT_002@6442b0a6]" name="loginDDT" duration-ms="4833" started-at="2019-08-19T09:22:02Z" data-provider="LoginData" finished-at="2019-08-19T09:22:07Z">
          <params>
            <param index="0">
              <value>
                <![CDATA[mngr112909]]>
              </value>
            </param>
            <param index="1">
              <value>
                <![CDATA[tytUreg]]>
              </value>
            </param>
          </params>
          <exception class="java.lang.AssertionError">
            <message>
              <![CDATA[expected [true] but found [false]]]>
            </message>
            <full-stacktrace>
              <![CDATA[java.lang.AssertionError: expected [true] but found [false]
at org.testng.Assert.fail(Assert.java:96)
at org.testng.Assert.failNotEquals(Assert.java:776)
at org.testng.Assert.assertTrue(Assert.java:44)
at org.testng.Assert.assertTrue(Assert.java:54)
at com.bugzilla.testCases.TC_LoginDDT_002.loginDDT(TC_LoginDDT_002.java:39)
at sun.reflect.NativeMethodAccessorImpl.invoke0(Native Method)
at sun.reflect.NativeMethodAccessorImpl.invoke(Unknown Source)
at sun.reflect.DelegatingMethodAccessorImpl.invoke(Unknown Source)
at java.lang.reflect.Method.invoke(Unknown Source)
at org.testng.internal.MethodInvocationHelper.invokeMethod(MethodInvocationHelper.java:124)
at org.testng.internal.Invoker.invokeMethod(Invoker.java:583)
at org.testng.internal.Invoker.invokeTestMethod(Invoker.java:719)
at org.testng.internal.Invoker.invokeTestMethods(Invoker.java:989)
at org.testng.internal.TestMethodWorker.invokeTestMethods(TestMethodWorker.java:125)
at org.testng.internal.TestMethodWorker.run(TestMethodWorker.java:109)
at org.testng.TestRunner.privateRun(TestRunner.java:648)
at org.testng.TestRunner.run(TestRunner.java:505)
at org.testng.SuiteRunner.runTest(SuiteRunner.java:455)
at org.testng.SuiteRunner.runSequentially(SuiteRunner.java:450)
at org.testng.SuiteRunner.privateRun(SuiteRunner.java:415)
at org.testng.SuiteRunner.run(SuiteRunner.java:364)
at org.testng.SuiteRunnerWorker.runSuite(SuiteRunnerWorker.java:52)
at org.testng.SuiteRunnerWorker.run(SuiteRunnerWorker.java:84)
at org.testng.TestNG.runSuitesSequentially(TestNG.java:1208)
at org.testng.TestNG.runSuitesLocally(TestNG.java:1137)
at org.testng.TestNG.runSuites(TestNG.java:1049)
at org.testng.TestNG.run(TestNG.java:1017)
at org.apache.maven.surefire.testng.TestNGExecutor.run(TestNGExecutor.java:295)
at org.apache.maven.surefire.testng.TestNGXmlTestSuite.execute(TestNGXmlTestSuite.java:84)
at org.apache.maven.surefire.testng.TestNGProvider.invoke(TestNGProvider.java:90)
at org.apache.maven.surefire.booter.ForkedBooter.invokeProviderInSameClassLoader(ForkedBooter.java:203)
at org.apache.maven.surefire.booter.ForkedBooter.runSuitesInProcess(ForkedBooter.java:155)
at org.apache.maven.surefire.booter.ForkedBooter.main(ForkedBooter.java:103)
]]>
            </full-stacktrace>
          </exception> <!-- java.lang.AssertionError -->
          <reporter-output>
          </reporter-output>
        </test-method> <!-- loginDDT -->
        <test-method status="PASS" signature="tearDown()[pri:0, instance:com.bugzilla.testCases.TC_LoginDDT_002@6442b0a6]" name="tearDown" is-config="true" duration-ms="751" started-at="2019-08-19T09:22:07Z" finished-at="2019-08-19T09:22:08Z">
          <reporter-output>
          </reporter-output>
        </test-method> <!-- tearDown -->
      </class> <!-- com.bugzilla.testCases.TC_LoginDDT_002 -->
      <class name="com.bugzilla.testCases.TC_LoginTest_001">
        <test-method status="PASS" signature="setup(java.lang.String)[pri:0, instance:com.bugzilla.testCases.TC_LoginTest_001@4411d970]" name="setup" is-config="true" duration-ms="16860" started-at="2019-08-19T09:21:10Z" finished-at="2019-08-19T09:21:27Z">
          <params>
            <param index="0">
              <value>
                <![CDATA[chrome]]>
              </value>
            </param>
          </params>
          <reporter-output>
          </reporter-output>
        </test-method> <!-- setup -->
        <test-method status="PASS" signature="loginTest()[pri:0, instance:com.bugzilla.testCases.TC_LoginTest_001@4411d970]" name="loginTest" duration-ms="4235" started-at="2019-08-19T09:21:27Z" finished-at="2019-08-19T09:21:31Z">
          <reporter-output>
          </reporter-output>
        </test-method> <!-- loginTest -->
        <test-method status="PASS" signature="tearDown()[pri:0, instance:com.bugzilla.testCases.TC_LoginTest_001@4411d970]" name="tearDown" is-config="true" duration-ms="737" started-at="2019-08-19T09:21:31Z" finished-at="2019-08-19T09:21:32Z">
          <reporter-output>
          </reporter-output>
        </test-method> <!-- tearDown -->
      </class> <!-- com.bugzilla.testCases.TC_LoginTest_001 -->
      <class name="com.bugzilla.testCases.TC_addNewUser_Test_004">
        <test-method status="PASS" signature="setup(java.lang.String)[pri:0, instance:com.bugzilla.testCases.TC_addNewUser_Test_004@60f82f98]" name="setup" is-config="true" duration-ms="4459" started-at="2019-08-19T09:22:08Z" finished-at="2019-08-19T09:22:12Z">
          <params>
            <param index="0">
              <value>
                <![CDATA[chrome]]>
              </value>
            </param>
          </params>
          <reporter-output>
          </reporter-output>
        </test-method> <!-- setup -->
        <test-method status="PASS" signature="addNewUser()[pri:0, instance:com.bugzilla.testCases.TC_addNewUser_Test_004@60f82f98]" name="addNewUser" duration-ms="27896" started-at="2019-08-19T09:22:12Z" finished-at="2019-08-19T09:22:40Z">
          <reporter-output>
          </reporter-output>
        </test-method> <!-- addNewUser -->
        <test-method status="PASS" signature="tearDown()[pri:0, instance:com.bugzilla.testCases.TC_addNewUser_Test_004@60f82f98]" name="tearDown" is-config="true" duration-ms="697" started-at="2019-08-19T09:22:40Z" finished-at="2019-08-19T09:22:41Z">
          <reporter-output>
          </reporter-output>
        </test-method> <!-- tearDown -->
      </class> <!-- com.bugzilla.testCases.TC_addNewUser_Test_004 -->
    </test> <!-- bugzilla Test -->
  </suite> <!-- bugzilla -->
</testng-results>
