<?xml version="1.0" encoding="UTF-8"?>
<testng-results skipped="0" failed="1" ignored="0" total="7" passed="6">
  <reporter-output>
  </reporter-output>
  <suite name="bugzilla" duration-ms="189837" started-at="2020-01-02T11:34:27Z" finished-at="2020-01-02T11:37:37Z">
    <groups>
    </groups>
    <test name="bugzilla Test" duration-ms="189837" started-at="2020-01-02T11:34:27Z" finished-at="2020-01-02T11:37:37Z">
      <class name="com.bugzilla.testCases.TC_LoginDDT_002">
        <test-method status="PASS" signature="setup(java.lang.String)[pri:0, instance:com.bugzilla.testCases.TC_LoginDDT_002@e25b2fe]" name="setup" is-config="true" duration-ms="4390" started-at="2020-01-02T11:36:20Z" finished-at="2020-01-02T11:36:24Z">
          <params>
            <param index="0">
              <value>
                <![CDATA[chrome]]>
              </value>
            </param>
          </params>
          <reporter-output>
          </reporter-output>
        </test-method> <!-- setup -->
        <test-method status="PASS" signature="loginDDT(java.lang.String, java.lang.String)[pri:0, instance:com.bugzilla.testCases.TC_LoginDDT_002@e25b2fe]" name="loginDDT" duration-ms="6503" started-at="2020-01-02T11:36:26Z" data-provider="LoginData" finished-at="2020-01-02T11:36:33Z">
          <params>
            <param index="0">
              <value>
                <![CDATA[sudarshandn@gmail.com]]>
              </value>
            </param>
            <param index="1">
              <value>
                <![CDATA[naidud]]>
              </value>
            </param>
          </params>
          <reporter-output>
          </reporter-output>
        </test-method> <!-- loginDDT -->
        <test-method status="PASS" signature="loginDDT(java.lang.String, java.lang.String)[pri:0, instance:com.bugzilla.testCases.TC_LoginDDT_002@e25b2fe]" name="loginDDT" duration-ms="7578" started-at="2020-01-02T11:36:33Z" data-provider="LoginData" finished-at="2020-01-02T11:36:40Z">
          <params>
            <param index="0">
              <value>
                <![CDATA[sudarshandn@gmail.com]]>
              </value>
            </param>
            <param index="1">
              <value>
                <![CDATA[naidud]]>
              </value>
            </param>
          </params>
          <reporter-output>
          </reporter-output>
        </test-method> <!-- loginDDT -->
        <test-method status="PASS" signature="loginDDT(java.lang.String, java.lang.String)[pri:0, instance:com.bugzilla.testCases.TC_LoginDDT_002@e25b2fe]" name="loginDDT" duration-ms="7109" started-at="2020-01-02T11:36:40Z" data-provider="LoginData" finished-at="2020-01-02T11:36:47Z">
          <params>
            <param index="0">
              <value>
                <![CDATA[sudarshandn@gmail.com]]>
              </value>
            </param>
            <param index="1">
              <value>
                <![CDATA[naidud]]>
              </value>
            </param>
          </params>
          <reporter-output>
          </reporter-output>
        </test-method> <!-- loginDDT -->
        <test-method status="PASS" signature="loginDDT(java.lang.String, java.lang.String)[pri:0, instance:com.bugzilla.testCases.TC_LoginDDT_002@e25b2fe]" name="loginDDT" duration-ms="5799" started-at="2020-01-02T11:36:47Z" data-provider="LoginData" finished-at="2020-01-02T11:36:53Z">
          <params>
            <param index="0">
              <value>
                <![CDATA[sudarshandn@gmail.com]]>
              </value>
            </param>
            <param index="1">
              <value>
                <![CDATA[naidud]]>
              </value>
            </param>
          </params>
          <reporter-output>
          </reporter-output>
        </test-method> <!-- loginDDT -->
        <test-method status="FAIL" signature="loginDDT(java.lang.String, java.lang.String)[pri:0, instance:com.bugzilla.testCases.TC_LoginDDT_002@e25b2fe]" name="loginDDT" duration-ms="4816" started-at="2020-01-02T11:36:53Z" data-provider="LoginData" finished-at="2020-01-02T11:36:58Z">
          <params>
            <param index="0">
              <value>
                <![CDATA[mngr112909]]>
              </value>
            </param>
            <param index="1">
              <value>
                <![CDATA[tytUreg]]>
              </value>
            </param>
          </params>
          <exception class="java.lang.AssertionError">
            <message>
              <![CDATA[expected [true] but found [false]]]>
            </message>
            <full-stacktrace>
              <![CDATA[java.lang.AssertionError: expected [true] but found [false]
at org.testng.Assert.fail(Assert.java:96)
at org.testng.Assert.failNotEquals(Assert.java:776)
at org.testng.Assert.assertTrue(Assert.java:44)
at org.testng.Assert.assertTrue(Assert.java:54)
at com.bugzilla.testCases.TC_LoginDDT_002.loginDDT(TC_LoginDDT_002.java:39)
at sun.reflect.NativeMethodAccessorImpl.invoke0(Native Method)
at sun.reflect.NativeMethodAccessorImpl.invoke(Unknown Source)
at sun.reflect.DelegatingMethodAccessorImpl.invoke(Unknown Source)
at java.lang.reflect.Method.invoke(Unknown Source)
at org.testng.internal.MethodInvocationHelper.invokeMethod(MethodInvocationHelper.java:124)
at org.testng.internal.Invoker.invokeMethod(Invoker.java:583)
at org.testng.internal.Invoker.invokeTestMethod(Invoker.java:719)
at org.testng.internal.Invoker.invokeTestMethods(Invoker.java:989)
at org.testng.internal.TestMethodWorker.invokeTestMethods(TestMethodWorker.java:125)
at org.testng.internal.TestMethodWorker.run(TestMethodWorker.java:109)
at org.testng.TestRunner.privateRun(TestRunner.java:648)
at org.testng.TestRunner.run(TestRunner.java:505)
at org.testng.SuiteRunner.runTest(SuiteRunner.java:455)
at org.testng.SuiteRunner.runSequentially(SuiteRunner.java:450)
at org.testng.SuiteRunner.privateRun(SuiteRunner.java:415)
at org.testng.SuiteRunner.run(SuiteRunner.java:364)
at org.testng.SuiteRunnerWorker.runSuite(SuiteRunnerWorker.java:52)
at org.testng.SuiteRunnerWorker.run(SuiteRunnerWorker.java:84)
at org.testng.TestNG.runSuitesSequentially(TestNG.java:1208)
at org.testng.TestNG.runSuitesLocally(TestNG.java:1137)
at org.testng.TestNG.runSuites(TestNG.java:1049)
at org.testng.TestNG.run(TestNG.java:1017)
at org.testng.remote.AbstractRemoteTestNG.run(AbstractRemoteTestNG.java:114)
at org.testng.remote.RemoteTestNG.initAndRun(RemoteTestNG.java:251)
at org.testng.remote.RemoteTestNG.main(RemoteTestNG.java:77)
]]>
            </full-stacktrace>
          </exception> <!-- java.lang.AssertionError -->
          <reporter-output>
          </reporter-output>
        </test-method> <!-- loginDDT -->
        <test-method status="PASS" signature="tearDown()[pri:0, instance:com.bugzilla.testCases.TC_LoginDDT_002@e25b2fe]" name="tearDown" is-config="true" duration-ms="689" started-at="2020-01-02T11:36:58Z" finished-at="2020-01-02T11:36:59Z">
          <reporter-output>
          </reporter-output>
        </test-method> <!-- tearDown -->
      </class> <!-- com.bugzilla.testCases.TC_LoginDDT_002 -->
      <class name="com.bugzilla.testCases.TC_LoginTest_001">
        <test-method status="PASS" signature="setup(java.lang.String)[pri:0, instance:com.bugzilla.testCases.TC_LoginTest_001@204f30ec]" name="setup" is-config="true" duration-ms="106442" started-at="2020-01-02T11:34:28Z" finished-at="2020-01-02T11:36:14Z">
          <params>
            <param index="0">
              <value>
                <![CDATA[chrome]]>
              </value>
            </param>
          </params>
          <reporter-output>
          </reporter-output>
        </test-method> <!-- setup -->
        <test-method status="PASS" signature="loginTest()[pri:0, instance:com.bugzilla.testCases.TC_LoginTest_001@204f30ec]" name="loginTest" duration-ms="4919" started-at="2020-01-02T11:36:14Z" finished-at="2020-01-02T11:36:19Z">
          <reporter-output>
          </reporter-output>
        </test-method> <!-- loginTest -->
        <test-method status="PASS" signature="tearDown()[pri:0, instance:com.bugzilla.testCases.TC_LoginTest_001@204f30ec]" name="tearDown" is-config="true" duration-ms="680" started-at="2020-01-02T11:36:19Z" finished-at="2020-01-02T11:36:20Z">
          <reporter-output>
          </reporter-output>
        </test-method> <!-- tearDown -->
      </class> <!-- com.bugzilla.testCases.TC_LoginTest_001 -->
      <class name="com.bugzilla.testCases.TC_addNewUser_Test_004">
        <test-method status="PASS" signature="setup(java.lang.String)[pri:0, instance:com.bugzilla.testCases.TC_addNewUser_Test_004@754ba872]" name="setup" is-config="true" duration-ms="4146" started-at="2020-01-02T11:36:59Z" finished-at="2020-01-02T11:37:03Z">
          <params>
            <param index="0">
              <value>
                <![CDATA[chrome]]>
              </value>
            </param>
          </params>
          <reporter-output>
          </reporter-output>
        </test-method> <!-- setup -->
        <test-method status="PASS" signature="addNewUser()[pri:0, instance:com.bugzilla.testCases.TC_addNewUser_Test_004@754ba872]" name="addNewUser" duration-ms="33472" started-at="2020-01-02T11:37:03Z" finished-at="2020-01-02T11:37:36Z">
          <reporter-output>
          </reporter-output>
        </test-method> <!-- addNewUser -->
        <test-method status="PASS" signature="tearDown()[pri:0, instance:com.bugzilla.testCases.TC_addNewUser_Test_004@754ba872]" name="tearDown" is-config="true" duration-ms="778" started-at="2020-01-02T11:37:36Z" finished-at="2020-01-02T11:37:37Z">
          <reporter-output>
          </reporter-output>
        </test-method> <!-- tearDown -->
      </class> <!-- com.bugzilla.testCases.TC_addNewUser_Test_004 -->
    </test> <!-- bugzilla Test -->
  </suite> <!-- bugzilla -->
</testng-results>
